c:\users\ethan\documents\aidan\cs114\texas\casinosimulator\casinosimulator\debug\casinosimulator.myform.resources
c:\users\ethan\documents\aidan\cs114\texas\casinosimulator\casinosimulator\debug\vc140.pdb
c:\users\ethan\documents\aidan\cs114\texas\casinosimulator\casinosimulator\debug\myform.obj
c:\users\ethan\documents\aidan\cs114\texas\casinosimulator\casinosimulator\debug\.netframework,version=v4.5.2.assemblyattributes.obj
c:\users\ethan\documents\aidan\cs114\texas\casinosimulator\casinosimulator\debug\.netframework,version=v4.5.2.assemblyattributes.asm
c:\users\ethan\documents\aidan\cs114\texas\casinosimulator\debug\casinosimulator.exe
c:\users\ethan\documents\aidan\cs114\texas\casinosimulator\debug\casinosimulator.pdb
c:\users\ethan\documents\aidan\cs114\texas\casinosimulator\casinosimulator\debug\casinosimulator.vcxproj.generateresource.cache
c:\users\ethan\documents\aidan\cs114\texas\casinosimulator\casinosimulator\debug\casinosimulator.vcxprojresolveassemblyreference.cache
c:\users\ethan\documents\aidan\cs114\texas\casinosimulator\casinosimulator\debug\casinosimulator.tlog\casinosimulator.write.1u.tlog
c:\users\ethan\documents\aidan\cs114\texas\casinosimulator\casinosimulator\debug\casinosimulator.tlog\cl.command.1.tlog
c:\users\ethan\documents\aidan\cs114\texas\casinosimulator\casinosimulator\debug\casinosimulator.tlog\cl.read.1.tlog
c:\users\ethan\documents\aidan\cs114\texas\casinosimulator\casinosimulator\debug\casinosimulator.tlog\cl.write.1.tlog
c:\users\ethan\documents\aidan\cs114\texas\casinosimulator\casinosimulator\debug\casinosimulator.tlog\link.command.1.tlog
c:\users\ethan\documents\aidan\cs114\texas\casinosimulator\casinosimulator\debug\casinosimulator.tlog\link.read.1.tlog
c:\users\ethan\documents\aidan\cs114\texas\casinosimulator\casinosimulator\debug\casinosimulator.tlog\link.write.1.tlog
c:\users\ethan\documents\aidan\cs114\texas\casinosimulator\casinosimulator\debug\casinosimulator.tlog\metagen.read.1.tlog
c:\users\ethan\documents\aidan\cs114\texas\casinosimulator\casinosimulator\debug\casinosimulator.tlog\metagen.write.1.tlog
c:\users\ethan\documents\aidan\cs114\texas\casinosimulator\casinosimulator\debug\casinosimulator.tlog\rsaenh.dll.bi
c:\users\ethan\documents\aidan\cs114\texas\casinosimulator\casinosimulator\debug\casinosimulator.tlog\tzres.dll.bi
